<?xml version="1.0" encoding="UTF-8"?>
<testsuite xmlns:xsi="http://www.w3.org/2001/XMLSchema-instance" xsi:noNamespaceSchemaLocation="https://maven.apache.org/surefire/maven-surefire-plugin/xsd/surefire-test-report-3.0.xsd" version="3.0" name="restAssuredPackage.API_Tests" time="5.623" tests="3" errors="0" skipped="0" failures="0">
  <properties>
[...]
</properties>
  <testcase name="germanyTest" classname="restAssuredPackage.API_Tests" time="2.11">
    <system-out><![CDATA[C:\Users\SANGEETHA\eclipse-workspace\com.rest_assured.project\TestData\API_TestData.xlsx
******************** Translation Name {Germany} ********************
Status code: 200
Translation name: germany
]]></system-out>
    <system-err><![CDATA[SLF4J: Failed to load class "org.slf4j.impl.StaticLoggerBinder".
SLF4J: Defaulting to no-operation (NOP) logger implementation
SLF4J: See http://www.slf4j.org/codes.html#StaticLoggerBinder for further details.
ERROR StatusLogger Log4j2 could not find a logging implementation. Please add log4j-core to the classpath. Using SimpleLogger to log to the console...
]]></system-err>
  </testcase>
  <testcase name="alemaniaTest" classname="restAssuredPackage.API_Tests" time="0.727">
    <system-out><![CDATA[
******************** Translation Name {Alemania} ********************
Status code: 200
Translation name: alemania
]]></system-out>
  </testcase>
  <testcase name="saksamaaTest" classname="restAssuredPackage.API_Tests" time="0.688">
    <system-out><![CDATA[
******************** Translation Name {Saksamaa} ********************
Status code: 200
Translation name: Saksamaa

]]></system-out>
  </testcase>
</testsuite>