<?xml version="1.0" encoding="UTF-8"?>
<testng-results ignored="0" total="3" passed="3" failed="0" skipped="0">
  <reporter-output>
  </reporter-output>
  <suite started-at="2024-01-14T23:44:43 IST" name="Test Suite" finished-at="2024-01-14T23:45:00 IST" duration-ms="17207">
    <groups>
    </groups>
    <test started-at="2024-01-14T23:44:43 IST" name="Test_001" finished-at="2024-01-14T23:45:00 IST" duration-ms="17207">
      <class name="comprehensivePackage.ComprehensiveQuestion5">
        <test-method is-config="true" signature="browserSetup()[pri:0, instance:comprehensivePackage.ComprehensiveQuestion5@7c7a06ec]" started-at="2024-01-14T23:44:40 IST" name="browserSetup" finished-at="2024-01-14T23:44:43 IST" duration-ms="2845" status="PASS">
          <reporter-output>
          </reporter-output>
        </test-method> <!-- browserSetup -->
        <test-method signature="navigateToUrl()[pri:1, instance:comprehensivePackage.ComprehensiveQuestion5@7c7a06ec]" started-at="2024-01-14T23:44:43 IST" name="navigateToUrl" finished-at="2024-01-14T23:44:45 IST" duration-ms="1728" status="PASS">
          <reporter-output>
          </reporter-output>
        </test-method> <!-- navigateToUrl -->
        <test-method signature="verifyProcessDiscoveryTabUrl()[pri:2, instance:comprehensivePackage.ComprehensiveQuestion5@7c7a06ec]" started-at="2024-01-14T23:44:45 IST" name="verifyProcessDiscoveryTabUrl" finished-at="2024-01-14T23:44:54 IST" duration-ms="9420" status="PASS">
          <reporter-output>
          </reporter-output>
        </test-method> <!-- verifyProcessDiscoveryTabUrl -->
        <test-method signature="verifyRequestLiveDemoTabUrl()[pri:3, instance:comprehensivePackage.ComprehensiveQuestion5@7c7a06ec]" started-at="2024-01-14T23:44:54 IST" name="verifyRequestLiveDemoTabUrl" finished-at="2024-01-14T23:45:00 IST" duration-ms="5985" status="PASS">
          <reporter-output>
          </reporter-output>
        </test-method> <!-- verifyRequestLiveDemoTabUrl -->
        <test-method is-config="true" signature="closeBrowser()[pri:0, instance:comprehensivePackage.ComprehensiveQuestion5@7c7a06ec]" started-at="2024-01-14T23:45:01 IST" name="closeBrowser" finished-at="2024-01-14T23:45:01 IST" duration-ms="434" status="PASS">
          <reporter-output>
          </reporter-output>
        </test-method> <!-- closeBrowser -->
      </class> <!-- comprehensivePackage.ComprehensiveQuestion5 -->
    </test> <!-- Test_001 -->
  </suite> <!-- Test Suite -->
</testng-results>
