<?xml version="1.0" encoding="UTF-8"?>
<!-- Generated by org.testng.reporters.JUnitXMLReporter -->
<testsuite ignored="0" hostname="DESKTOP-I588ITP" failures="0" tests="2" name="Default test" time="46.143" errors="0" timestamp="2024-02-04T21:33:12 IST">
  <testcase classname="automationAnywherePackage.TestngComprehensive5" name="comprehensive3" time="9.957"/>
  <testcase classname="automationAnywherePackage.TestngComprehensive5" name="comprehensive4" time="36.132"/>
</testsuite> <!-- Default test -->
