<?xml version="1.0" encoding="UTF-8"?>
<!-- Generated by org.testng.reporters.JUnitXMLReporter -->
<testsuite ignored="0" hostname="DESKTOP-I588ITP" failures="0" tests="3" name="Default test" time="4.087" errors="0" timestamp="2024-02-18T16:38:52 IST">
  <testcase classname="restAssuredPackage.API_Tests" name="germanyTest" time="1.968"/>
  <testcase classname="restAssuredPackage.API_Tests" name="alemaniaTest" time="0.884"/>
  <testcase classname="restAssuredPackage.API_Tests" name="saksamaaTest" time="0.91"/>
</testsuite> <!-- Default test -->
