<?xml version="1.0" encoding="UTF-8"?>
<!-- Generated by org.testng.reporters.JUnitXMLReporter -->
<testsuite ignored="0" hostname="LAPTOP-C8BVRLUE" failures="0" tests="3" name="Test_001" time="17.207" errors="0" timestamp="2024-01-14T23:45:01 IST">
  <testcase classname="comprehensivePackage.ComprehensiveQuestion5" name="navigateToUrl" time="1.728"/>
  <testcase classname="comprehensivePackage.ComprehensiveQuestion5" name="verifyProcessDiscoveryTabUrl" time="9.42"/>
  <testcase classname="comprehensivePackage.ComprehensiveQuestion5" name="verifyRequestLiveDemoTabUrl" time="5.985"/>
</testsuite> <!-- Test_001 -->
