<?xml version="1.0" encoding="UTF-8"?>
<testng-results ignored="0" total="3" passed="3" failed="0" skipped="0">
  <reporter-output>
  </reporter-output>
  <suite started-at="2024-02-18T16:38:48 IST" name="Default suite" finished-at="2024-02-18T16:38:52 IST" duration-ms="4087">
    <groups>
    </groups>
    <test started-at="2024-02-18T16:38:48 IST" name="Default test" finished-at="2024-02-18T16:38:52 IST" duration-ms="4087">
      <class name="restAssuredPackage.API_Tests">
        <test-method is-config="true" signature="configExcel()[pri:0, instance:restAssuredPackage.API_Tests@1de76cc7]" started-at="2024-02-18T16:38:47 IST" name="configExcel" finished-at="2024-02-18T16:38:48 IST" duration-ms="531" status="PASS">
          <reporter-output>
          </reporter-output>
        </test-method> <!-- configExcel -->
        <test-method is-config="true" signature="setBaseURI()[pri:0, instance:restAssuredPackage.API_Tests@1de76cc7]" started-at="2024-02-18T16:38:48 IST" name="setBaseURI" finished-at="2024-02-18T16:38:48 IST" duration-ms="288" status="PASS">
          <reporter-output>
          </reporter-output>
        </test-method> <!-- setBaseURI -->
        <test-method signature="germanyTest()[pri:1, instance:restAssuredPackage.API_Tests@1de76cc7]" started-at="2024-02-18T16:38:48 IST" name="germanyTest" finished-at="2024-02-18T16:38:50 IST" duration-ms="1968" status="PASS">
          <reporter-output>
          </reporter-output>
        </test-method> <!-- germanyTest -->
        <test-method signature="alemaniaTest()[pri:2, instance:restAssuredPackage.API_Tests@1de76cc7]" started-at="2024-02-18T16:38:50 IST" name="alemaniaTest" finished-at="2024-02-18T16:38:51 IST" duration-ms="884" status="PASS">
          <reporter-output>
          </reporter-output>
        </test-method> <!-- alemaniaTest -->
        <test-method signature="saksamaaTest()[pri:3, instance:restAssuredPackage.API_Tests@1de76cc7]" started-at="2024-02-18T16:38:51 IST" name="saksamaaTest" finished-at="2024-02-18T16:38:52 IST" duration-ms="910" status="PASS">
          <reporter-output>
          </reporter-output>
        </test-method> <!-- saksamaaTest -->
        <test-method is-config="true" signature="closeXlConnections()[pri:0, instance:restAssuredPackage.API_Tests@1de76cc7]" started-at="2024-02-18T16:38:52 IST" name="closeXlConnections" finished-at="2024-02-18T16:38:52 IST" duration-ms="0" status="PASS">
          <reporter-output>
          </reporter-output>
        </test-method> <!-- closeXlConnections -->
      </class> <!-- restAssuredPackage.API_Tests -->
    </test> <!-- Default test -->
  </suite> <!-- Default suite -->
</testng-results>
