<?xml version="1.0" encoding="UTF-8"?>
<!-- Generated by org.testng.reporters.JUnitXMLReporter -->
<testsuite ignored="0" hostname="LAPTOP-C8BVRLUE" failures="0" tests="3" name="Surefire test" time="4.068" errors="0" timestamp="2024-02-18T22:42:36 IST">
  <testcase classname="restAssuredPackage.API_Tests" name="germanyTest" time="2.108"/>
  <testcase classname="restAssuredPackage.API_Tests" name="alemaniaTest" time="0.73"/>
  <testcase classname="restAssuredPackage.API_Tests" name="saksamaaTest" time="0.696"/>
</testsuite> <!-- Surefire test -->
