<?xml version="1.0" encoding="UTF-8"?>
<testsuite name="TestSuite" time="27.615" tests="3" errors="0" skipped="0" failures="0">
  <properties>
[...]
</properties>
  <testcase name="navigateToUrl" classname="comprehensivePackage.ComprehensiveTests" time="2.164"/>
  <testcase name="verifyProcessDiscoveryTabUrl" classname="comprehensivePackage.ComprehensiveTests" time="18.251"/>
  <testcase name="verifyRequestLiveDemoTabUrl" classname="comprehensivePackage.ComprehensiveTests" time="7.2"/>
</testsuite>