<?xml version="1.0" encoding="UTF-8"?>
<!-- Generated by org.testng.reporters.JUnitXMLReporter -->
<testsuite ignored="0" hostname="DESKTOP-I588ITP" failures="0" tests="3" name="Default test" time="14.738" errors="0" timestamp="2024-01-13T19:29:47 IST">
  <testcase classname="comprehensivePackage.ComprehensiveTests" name="navigateToUrl" time="1.254"/>
  <testcase classname="comprehensivePackage.ComprehensiveTests" name="verifyProcessDiscoveryTabUrl" time="6.543"/>
  <testcase classname="comprehensivePackage.ComprehensiveTests" name="verifyRequestLiveDemoTabUrl" time="6.907"/>
</testsuite> <!-- Default test -->
