<?xml version="1.0" encoding="UTF-8"?>
<testng-results ignored="0" total="2" passed="2" failed="0" skipped="0">
  <reporter-output>
  </reporter-output>
  <suite started-at="2024-01-14T23:52:25 IST" name="Default suite" finished-at="2024-01-14T23:52:28 IST" duration-ms="3913">
    <groups>
    </groups>
    <test started-at="2024-01-14T23:52:25 IST" name="Default test" finished-at="2024-01-14T23:52:28 IST" duration-ms="3913">
      <class name="restCountriesPackage.API_Tests">
        <test-method signature="positiveCase()[pri:1, instance:restCountriesPackage.API_Tests@f5ac9e4]" started-at="2024-01-14T23:52:25 IST" name="positiveCase" finished-at="2024-01-14T23:52:28 IST" duration-ms="3164" status="PASS">
          <reporter-output>
          </reporter-output>
        </test-method> <!-- positiveCase -->
        <test-method signature="negativeCase()[pri:2, instance:restCountriesPackage.API_Tests@f5ac9e4]" started-at="2024-01-14T23:52:28 IST" name="negativeCase" finished-at="2024-01-14T23:52:28 IST" duration-ms="683" status="PASS">
          <reporter-output>
          </reporter-output>
        </test-method> <!-- negativeCase -->
      </class> <!-- restCountriesPackage.API_Tests -->
    </test> <!-- Default test -->
  </suite> <!-- Default suite -->
</testng-results>
