<?xml version="1.0" encoding="UTF-8"?>
<testsuite name="TestSuite" time="47.007" tests="3" errors="0" skipped="0" failures="0">
  <properties>
[...]
</properties>
  <testcase name="displayExcelDataRowWise" classname="automationAnywherePackage.ReadAndWriteData" time="0.685"/>
  <testcase name="comprehensive3" classname="automationAnywherePackage.TestngComprehensive5" time="8.926"/>
  <testcase name="comprehensive4" classname="automationAnywherePackage.TestngComprehensive5" time="37.396"/>
</testsuite>