<?xml version="1.0" encoding="UTF-8"?>
<testng-results ignored="0" total="3" passed="3" failed="0" skipped="0">
  <reporter-output>
  </reporter-output>
  <suite started-at="2024-02-04T21:34:45 IST" name="AutomationAnywhereSuite" finished-at="2024-02-04T21:35:32 IST" duration-ms="47061">
    <groups>
    </groups>
    <test started-at="2024-02-04T21:34:45 IST" name="Test_001" finished-at="2024-02-04T21:34:46 IST" duration-ms="713">
      <class name="automationAnywherePackage.ReadAndWriteData">
        <test-method signature="displayExcelDataRowWise()[pri:0, instance:automationAnywherePackage.ReadAndWriteData@11fc564b]" started-at="2024-02-04T21:34:45 IST" name="displayExcelDataRowWise" finished-at="2024-02-04T21:34:46 IST" duration-ms="678" status="PASS">
          <reporter-output>
          </reporter-output>
        </test-method> <!-- displayExcelDataRowWise -->
      </class> <!-- automationAnywherePackage.ReadAndWriteData -->
    </test> <!-- Test_001 -->
    <test started-at="2024-02-04T21:34:46 IST" name="Test_002" finished-at="2024-02-04T21:35:32 IST" duration-ms="46323">
      <class name="automationAnywherePackage.TestngComprehensive5">
        <test-method signature="comprehensive3()[pri:1, instance:automationAnywherePackage.TestngComprehensive5@140c9f39]" started-at="2024-02-04T21:34:46 IST" name="comprehensive3" finished-at="2024-02-04T21:34:55 IST" duration-ms="8926" status="PASS">
          <reporter-output>
          </reporter-output>
        </test-method> <!-- comprehensive3 -->
        <test-method signature="comprehensive4()[pri:2, instance:automationAnywherePackage.TestngComprehensive5@140c9f39]" started-at="2024-02-04T21:34:55 IST" name="comprehensive4" finished-at="2024-02-04T21:35:32 IST" duration-ms="37396" status="PASS">
          <reporter-output>
          </reporter-output>
        </test-method> <!-- comprehensive4 -->
      </class> <!-- automationAnywherePackage.TestngComprehensive5 -->
    </test> <!-- Test_002 -->
  </suite> <!-- AutomationAnywhereSuite -->
</testng-results>
