<?xml version="1.0" encoding="UTF-8"?>
<!-- Generated by org.testng.reporters.JUnitXMLReporter -->
<testsuite ignored="0" hostname="LAPTOP-C8BVRLUE" failures="0" tests="3" name="Test_001" time="27.675" errors="0" timestamp="2024-01-14T23:43:08 IST">
  <testcase classname="comprehensivePackage.ComprehensiveTests" name="navigateToUrl" time="2.161"/>
  <testcase classname="comprehensivePackage.ComprehensiveTests" name="verifyProcessDiscoveryTabUrl" time="18.251"/>
  <testcase classname="comprehensivePackage.ComprehensiveTests" name="verifyRequestLiveDemoTabUrl" time="7.2"/>
</testsuite> <!-- Test_001 -->
