<?xml version="1.0" encoding="UTF-8"?>
<testng-results ignored="0" total="3" passed="3" failed="0" skipped="0">
  <reporter-output>
  </reporter-output>
  <suite started-at="2024-02-04T21:33:26 IST" name="AutomationAnywhereSuite" finished-at="2024-02-04T21:33:56 IST" duration-ms="30198">
    <groups>
    </groups>
    <test started-at="2024-02-04T21:33:26 IST" name="Test_001" finished-at="2024-02-04T21:33:27 IST" duration-ms="685">
      <class name="automationAnywherePackage.ReadAndWriteData">
        <test-method signature="displayExcelDataRowWise()[pri:0, instance:automationAnywherePackage.ReadAndWriteData@3f6f6701]" started-at="2024-02-04T21:33:26 IST" name="displayExcelDataRowWise" finished-at="2024-02-04T21:33:27 IST" duration-ms="640" status="PASS">
          <reporter-output>
          </reporter-output>
        </test-method> <!-- displayExcelDataRowWise -->
      </class> <!-- automationAnywherePackage.ReadAndWriteData -->
    </test> <!-- Test_001 -->
    <test started-at="2024-02-04T21:33:27 IST" name="Test_002" finished-at="2024-02-04T21:33:56 IST" duration-ms="29495">
      <class name="automationAnywherePackage.TestngComprehensive5">
        <test-method signature="comprehensive3()[pri:1, instance:automationAnywherePackage.TestngComprehensive5@58cbafc2]" started-at="2024-02-04T21:33:27 IST" name="comprehensive3" finished-at="2024-02-04T21:33:35 IST" duration-ms="8409" status="PASS">
          <reporter-output>
          </reporter-output>
        </test-method> <!-- comprehensive3 -->
        <test-method signature="comprehensive4()[pri:2, instance:automationAnywherePackage.TestngComprehensive5@58cbafc2]" started-at="2024-02-04T21:33:35 IST" name="comprehensive4" finished-at="2024-02-04T21:33:56 IST" duration-ms="21085" status="PASS">
          <reporter-output>
          </reporter-output>
        </test-method> <!-- comprehensive4 -->
      </class> <!-- automationAnywherePackage.TestngComprehensive5 -->
    </test> <!-- Test_002 -->
  </suite> <!-- AutomationAnywhereSuite -->
</testng-results>
